<?xml version="1.0" encoding="UTF-8"?>
<testsuite name="com.impos2.adapterv2.topologyhostv3.TopologyHostV3RuntimeTest" tests="5" skipped="0" failures="0" errors="0" timestamp="2026-04-22T18:40:44.759Z" hostname="DexterdeMacBook-Pro.local" time="0.013">
  <properties/>
  <testcase name="rejectsDuplicateMasterOccupancy" classname="com.impos2.adapterv2.topologyhostv3.TopologyHostV3RuntimeTest" time="0.011"/>
  <testcase name="marksPeerStaleAfterHeartbeatTimeout" classname="com.impos2.adapterv2.topologyhostv3.TopologyHostV3RuntimeTest" time="0.001"/>
  <testcase name="acceptsOneMasterAndOneSlaveWithoutTicket" classname="com.impos2.adapterv2.topologyhostv3.TopologyHostV3RuntimeTest" time="0.0"/>
  <testcase name="statsExposePeerAndStaleCounts" classname="com.impos2.adapterv2.topologyhostv3.TopologyHostV3RuntimeTest" time="0.0"/>
  <testcase name="diagnosticsContainCurrentPairMetadata" classname="com.impos2.adapterv2.topologyhostv3.TopologyHostV3RuntimeTest" time="0.0"/>
  <system-out><![CDATA[]]></system-out>
  <system-err><![CDATA[]]></system-err>
</testsuite>
