<?xml version="1.0" encoding="UTF-8"?>
<testsuite name="com.impos2.adapterv2.scripts.ScriptJsonLiteralParserTest" tests="4" skipped="0" failures="0" errors="0" timestamp="2026-04-21T19:28:23.025Z" hostname="DexterdeMacBook-Pro.local" time="0.003">
  <properties/>
  <testcase name="preservesPrimitiveLiteralBehavior" classname="com.impos2.adapterv2.scripts.ScriptJsonLiteralParserTest" time="0.001"/>
  <testcase name="decodesUnicodeEscapes" classname="com.impos2.adapterv2.scripts.ScriptJsonLiteralParserTest" time="0.001"/>
  <testcase name="decodesEscapedJsonStringLiterals" classname="com.impos2.adapterv2.scripts.ScriptJsonLiteralParserTest" time="0.0"/>
  <testcase name="preservesRawObjectAndArrayLiteralBehavior" classname="com.impos2.adapterv2.scripts.ScriptJsonLiteralParserTest" time="0.0"/>
  <system-out><![CDATA[]]></system-out>
  <system-err><![CDATA[]]></system-err>
</testsuite>
