<?xml version="1.0" encoding="UTF-8"?>
<testsuite name="com.impos2.adapterv2.hotupdate.HotUpdatePackageInstallerTest" tests="4" skipped="0" failures="0" errors="0" timestamp="2026-04-21T19:28:22.842Z" hostname="DexterdeMacBook-Pro.local" time="0.058">
  <properties/>
  <testcase name="downloadsFromFallbackUrlAndPromotesNormalizedBundle" classname="com.impos2.adapterv2.hotupdate.HotUpdatePackageInstallerTest" time="0.024"/>
  <testcase name="rejectsManifestHashMismatchWithoutPromotingPackage" classname="com.impos2.adapterv2.hotupdate.HotUpdatePackageInstallerTest" time="0.003"/>
  <testcase name="prunesOlderPackagesAfterSuccessfulPromotion" classname="com.impos2.adapterv2.hotupdate.HotUpdatePackageInstallerTest" time="0.029"/>
  <testcase name="stopsDownloadWhenCancelledBeforeFetch" classname="com.impos2.adapterv2.hotupdate.HotUpdatePackageInstallerTest" time="0.002"/>
  <system-out><![CDATA[]]></system-out>
  <system-err><![CDATA[]]></system-err>
</testsuite>
