<?xml version="1.0" encoding="UTF-8"?>
<testsuite name="com.impos2.adapterv2.connector.HidKeyboardDispatchFanoutTest" tests="1" skipped="0" failures="0" errors="0" timestamp="2026-04-21T19:28:22.776Z" hostname="DexterdeMacBook-Pro.local" time="0.028">
  <properties/>
  <testcase name="duplicatesBufferedTextForEverySubscription" classname="com.impos2.adapterv2.connector.HidKeyboardDispatchFanoutTest" time="0.028"/>
  <system-out><![CDATA[]]></system-out>
  <system-err><![CDATA[]]></system-err>
</testsuite>
