<?xml version="1.0" encoding="UTF-8"?>
<testsuite name="com.impos2.adapterv2.hotupdate.HotUpdateBootMarkerStoreTest" tests="3" skipped="0" failures="0" errors="0" timestamp="2026-04-21T06:22:51.329Z" hostname="DexterdeMacBook-Pro.local" time="0.016">
  <properties/>
  <testcase name="rollsBackWhenLaunchFailuresAreExceeded" classname="com.impos2.adapterv2.hotupdate.HotUpdateBootMarkerStoreTest" time="0.011"/>
  <testcase name="derivesBootMarkerFromActiveAndConfirmsStableBoot" classname="com.impos2.adapterv2.hotupdate.HotUpdateBootMarkerStoreTest" time="0.004"/>
  <testcase name="persistsHealthCheckTimeoutAcrossCodecRoundTrip" classname="com.impos2.adapterv2.hotupdate.HotUpdateBootMarkerStoreTest" time="0.001"/>
  <system-out><![CDATA[]]></system-out>
  <system-err><![CDATA[]]></system-err>
</testsuite>
