<?xml version="1.0" encoding="UTF-8"?>
<testsuite name="com.impos2.adapterv2.connector.SystemFilePickerCancellationTest" tests="1" skipped="0" failures="0" errors="0" timestamp="2026-04-21T06:22:51.328Z" hostname="DexterdeMacBook-Pro.local" time="0.0">
  <properties/>
  <testcase name="createsCanceledResponseForSystemPickerCancellation" classname="com.impos2.adapterv2.connector.SystemFilePickerCancellationTest" time="0.0"/>
  <system-out><![CDATA[]]></system-out>
  <system-err><![CDATA[]]></system-err>
</testsuite>
