<?xml version="1.0" encoding="UTF-8"?>
<testsuite name="com.impos2.adapterv2.hotupdate.HotUpdatePackageInstallerTest" tests="4" skipped="0" failures="0" errors="0" timestamp="2026-04-21T06:22:51.346Z" hostname="DexterdeMacBook-Pro.local" time="0.034">
  <properties/>
  <testcase name="downloadsFromFallbackUrlAndPromotesNormalizedBundle" classname="com.impos2.adapterv2.hotupdate.HotUpdatePackageInstallerTest" time="0.013"/>
  <testcase name="rejectsManifestHashMismatchWithoutPromotingPackage" classname="com.impos2.adapterv2.hotupdate.HotUpdatePackageInstallerTest" time="0.003"/>
  <testcase name="prunesOlderPackagesAfterSuccessfulPromotion" classname="com.impos2.adapterv2.hotupdate.HotUpdatePackageInstallerTest" time="0.016"/>
  <testcase name="stopsDownloadWhenCancelledBeforeFetch" classname="com.impos2.adapterv2.hotupdate.HotUpdatePackageInstallerTest" time="0.002"/>
  <system-out><![CDATA[]]></system-out>
  <system-err><![CDATA[]]></system-err>
</testsuite>
